<?xml version="1.0" encoding="UTF-8"?>
<testsuite name="com.tapcard.app.data.repository.SyncProfileRepositoryImplTest" tests="1" skipped="0" failures="0" errors="0" timestamp="2026-06-28T16:21:57" hostname="Mattys-MacBook-Air-4.local" time="4.619">
  <properties/>
  <testcase name="testOfflineSave_SetsPendingSync" classname="com.tapcard.app.data.repository.SyncProfileRepositoryImplTest" time="4.619"/>
  <system-out><![CDATA[]]></system-out>
  <system-err><![CDATA[SLF4J: Failed to load class "org.slf4j.impl.StaticLoggerBinder".
SLF4J: Defaulting to no-operation (NOP) logger implementation
SLF4J: See http://www.slf4j.org/codes.html#StaticLoggerBinder for further details.
]]></system-err>
</testsuite>
