<?xml version="1.0" encoding="UTF-8"?>
<testsuite name="com.tapcard.app.ui.viewmodel.ProfileViewModelTest" tests="2" skipped="0" failures="0" errors="0" timestamp="2026-06-28T17:09:03" hostname="Mattys-MacBook-Air-4.local" time="0.334">
  <properties/>
  <testcase name="testUsernameValidation_Valid" classname="com.tapcard.app.ui.viewmodel.ProfileViewModelTest" time="0.323"/>
  <testcase name="testUsernameValidation_InvalidFormat" classname="com.tapcard.app.ui.viewmodel.ProfileViewModelTest" time="0.011"/>
  <system-out><![CDATA[]]></system-out>
  <system-err><![CDATA[]]></system-err>
</testsuite>
